<?xml version="1.0" encoding="UTF-8"?>
<!-- Generated by org.testng.reporters.JUnitReportReporter -->
<testsuite hostname="LAPTOP-QIHU6NNP" failures="0" tests="2" name="qaclickacademy.AppiumTest" time="0.002" errors="0" timestamp="2021-11-23T18:05:12 IST" skipped="0">
  <testcase classname="qaclickacademy.AppiumTest" name="nativeapp" time="0.001"/>
  <system-out/>
  <testcase classname="qaclickacademy.AppiumTest" name="iosapp" time="0.001"/>
  <system-out/>
</testsuite> <!-- qaclickacademy.AppiumTest -->
