<?xml version="1.0" encoding="UTF-8"?>
<!-- Generated by org.testng.reporters.JUnitReportReporter -->
<testsuite hostname="LAPTOP-QIHU6NNP" failures="0" tests="2" name="qaclickacademy.APITest" time="0.007" errors="0" timestamp="2021-11-23T18:05:12 IST" skipped="0">
  <testcase classname="qaclickacademy.APITest" name="postjira" time="0.001"/>
  <system-out/>
  <testcase classname="qaclickacademy.APITest" name="deletetwitter" time="0.006"/>
  <system-out/>
</testsuite> <!-- qaclickacademy.APITest -->
