<?xml version="1.0" encoding="UTF-8"?>
<!-- Generated by org.testng.reporters.JUnitReportReporter -->
<testsuite hostname="LAPTOP-QIHU6NNP" failures="0" tests="2" name="qaclickacademy.AppiumTest" time="0.001" errors="0" timestamp="2021-10-16T18:55:07 IST" skipped="0">
  <testcase classname="qaclickacademy.AppiumTest" name="iosapp" time="0.001"/>
  <system-out/>
  <testcase classname="qaclickacademy.AppiumTest" name="nativeapp" time="0.000"/>
  <system-out/>
</testsuite> <!-- qaclickacademy.AppiumTest -->
